<?xml version="1.0" encoding="UTF-8"?>
<!-- Generated by org.testng.reporters.JUnitXMLReporter -->
<testsuite ignored="0" hostname="OyeAbhya" failures="0" tests="4" name="Test" time="38.5" errors="0" timestamp="2022-12-27T00:34:53 IST">
  <testcase classname="inetBanking_V2.TC_LoginPageTest_001" name="logintest" time="5.995"/>
  <testcase classname="inetBanking_V2.TC_NewCutomer_002" name="TestNewCust" time="7.846"/>
  <testcase classname="inetBanking_V2.TC_AddCutomerPage_003" name="TestAddCustDetails" time="8.85"/>
  <testcase classname="inetBanking_V2.TC_AddNewAccount_004" name="TestAddNewAccount" time="9.802"/>
</testsuite> <!-- Test -->
