<?xml version="1.0" encoding="UTF-8"?>
<!-- Generated by org.testng.reporters.JUnitXMLReporter -->
<testsuite ignored="0" hostname="OyeAbhya" failures="0" tests="16" name="Test" time="200.41" errors="0" timestamp="2022-12-28T01:02:36 IST">
  <testcase classname="inetBanking_V2.TC_LoginPageTest_001" name="TestLoginPage" time="5.044"/>
  <testcase classname="inetBanking_V2.TC_NewCutomer_002" name="TestNewCust" time="7.136"/>
  <testcase classname="inetBanking_V2.TC_AddCutomerPage_003" name="TestAddCustDetails" time="9.793"/>
  <testcase classname="inetBanking_V2.TC_EditCustomer_004" name="TestEditCustomer" time="11.043"/>
  <testcase classname="inetBanking_V2.TC_AddNewAccount_005" name="TestAddNewAccount" time="8.759"/>
  <testcase classname="inetBanking_V2.TC_EditAccount_006" name="TestEditAccount" time="8.232"/>
  <testcase classname="inetBanking_V2.TC_Deposit_007" name="TestDeposit" time="9.093"/>
  <testcase classname="inetBanking_V2.TC_Withdrawal_008" name="TestWithdrawal" time="8.628"/>
  <testcase classname="inetBanking_V2.TC_FundTransfer_009" name="TestFundTrf" time="8.639"/>
  <testcase classname="inetBanking_V2.TC_ChangePassword_010" name="TestChangePassword" time="7.302"/>
  <testcase classname="inetBanking_V2.TC_BalanceEnquiry_011" name="TestBalanceEnquiry" time="9.879"/>
  <testcase classname="inetBanking_V2.TC_MiniStatement_012" name="TestMiniStatement" time="7.417"/>
  <testcase classname="inetBanking_V2.TC_CutomizedStatement_013" name="TeetCutomizedStatement" time="8.119"/>
  <testcase classname="inetBanking_V2.TC_DeleteAccount_014" name="TestDeleteAccount" time="8.709"/>
  <testcase classname="inetBanking_V2.TC_DeleteCustomer_015" name="TestDeleteCutomer" time="7.821"/>
  <testcase classname="inetBanking_V2.TC_LogOut_016" name="TestLogOut" time="8.465"/>
</testsuite> <!-- Test -->
