<?xml version="1.0" encoding="UTF-8"?>
<testng-results ignored="0" total="4" passed="4" failed="0" skipped="0">
  <reporter-output>
  </reporter-output>
  <suite started-at="2022-12-27T00:34:14 IST" name="Suite" finished-at="2022-12-27T00:34:53 IST" duration-ms="38500">
    <groups>
    </groups>
    <test started-at="2022-12-27T00:34:14 IST" name="Test" finished-at="2022-12-27T00:34:53 IST" duration-ms="38500">
      <class name="inetBanking_V2.TC_NewCutomer_002">
        <test-method is-config="true" signature="Setup()[pri:0, instance:inetBanking_V2.TC_NewCutomer_002@21282ed8]" started-at="2022-12-27T00:34:22 IST" name="Setup" finished-at="2022-12-27T00:34:23 IST" duration-ms="960" status="PASS">
          <reporter-output>
          </reporter-output>
        </test-method> <!-- Setup -->
        <test-method signature="TestNewCust()[pri:0, instance:inetBanking_V2.TC_NewCutomer_002@21282ed8]" started-at="2022-12-27T00:34:23 IST" name="TestNewCust" finished-at="2022-12-27T00:34:31 IST" duration-ms="7846" status="PASS">
          <reporter-output>
          </reporter-output>
        </test-method> <!-- TestNewCust -->
        <test-method is-config="true" signature="Teardown()[pri:0, instance:inetBanking_V2.TC_NewCutomer_002@21282ed8]" started-at="2022-12-27T00:34:31 IST" name="Teardown" finished-at="2022-12-27T00:34:32 IST" duration-ms="258" status="PASS">
          <reporter-output>
          </reporter-output>
        </test-method> <!-- Teardown -->
      </class> <!-- inetBanking_V2.TC_NewCutomer_002 -->
      <class name="inetBanking_V2.TC_AddNewAccount_004">
        <test-method is-config="true" signature="Setup()[pri:0, instance:inetBanking_V2.TC_AddNewAccount_004@7bab3f1a]" started-at="2022-12-27T00:34:42 IST" name="Setup" finished-at="2022-12-27T00:34:43 IST" duration-ms="939" status="PASS">
          <reporter-output>
          </reporter-output>
        </test-method> <!-- Setup -->
        <test-method signature="TestAddNewAccount()[pri:0, instance:inetBanking_V2.TC_AddNewAccount_004@7bab3f1a]" started-at="2022-12-27T00:34:43 IST" name="TestAddNewAccount" finished-at="2022-12-27T00:34:52 IST" duration-ms="9802" status="PASS">
          <reporter-output>
          </reporter-output>
        </test-method> <!-- TestAddNewAccount -->
        <test-method is-config="true" signature="Teardown()[pri:0, instance:inetBanking_V2.TC_AddNewAccount_004@7bab3f1a]" started-at="2022-12-27T00:34:52 IST" name="Teardown" finished-at="2022-12-27T00:34:53 IST" duration-ms="278" status="PASS">
          <reporter-output>
          </reporter-output>
        </test-method> <!-- Teardown -->
      </class> <!-- inetBanking_V2.TC_AddNewAccount_004 -->
      <class name="inetBanking_V2.TC_AddCutomerPage_003">
        <test-method is-config="true" signature="Setup()[pri:0, instance:inetBanking_V2.TC_AddCutomerPage_003@36916eb0]" started-at="2022-12-27T00:34:32 IST" name="Setup" finished-at="2022-12-27T00:34:32 IST" duration-ms="924" status="PASS">
          <reporter-output>
          </reporter-output>
        </test-method> <!-- Setup -->
        <test-method signature="TestAddCustDetails()[pri:0, instance:inetBanking_V2.TC_AddCutomerPage_003@36916eb0]" started-at="2022-12-27T00:34:32 IST" name="TestAddCustDetails" finished-at="2022-12-27T00:34:41 IST" duration-ms="8850" status="PASS">
          <reporter-output>
          </reporter-output>
        </test-method> <!-- TestAddCustDetails -->
        <test-method is-config="true" signature="Teardown()[pri:0, instance:inetBanking_V2.TC_AddCutomerPage_003@36916eb0]" started-at="2022-12-27T00:34:41 IST" name="Teardown" finished-at="2022-12-27T00:34:42 IST" duration-ms="256" status="PASS">
          <reporter-output>
          </reporter-output>
        </test-method> <!-- Teardown -->
      </class> <!-- inetBanking_V2.TC_AddCutomerPage_003 -->
      <class name="inetBanking_V2.TC_LoginPageTest_001">
        <test-method is-config="true" signature="Setup()[pri:0, instance:inetBanking_V2.TC_LoginPageTest_001@3b6ddd1d]" started-at="2022-12-27T00:34:14 IST" name="Setup" finished-at="2022-12-27T00:34:16 IST" duration-ms="2098" status="PASS">
          <reporter-output>
          </reporter-output>
        </test-method> <!-- Setup -->
        <test-method signature="logintest()[pri:0, instance:inetBanking_V2.TC_LoginPageTest_001@3b6ddd1d]" started-at="2022-12-27T00:34:16 IST" name="logintest" finished-at="2022-12-27T00:34:22 IST" duration-ms="5995" status="PASS">
          <reporter-output>
          </reporter-output>
        </test-method> <!-- logintest -->
        <test-method is-config="true" signature="Teardown()[pri:0, instance:inetBanking_V2.TC_LoginPageTest_001@3b6ddd1d]" started-at="2022-12-27T00:34:22 IST" name="Teardown" finished-at="2022-12-27T00:34:22 IST" duration-ms="259" status="PASS">
          <reporter-output>
          </reporter-output>
        </test-method> <!-- Teardown -->
      </class> <!-- inetBanking_V2.TC_LoginPageTest_001 -->
    </test> <!-- Test -->
  </suite> <!-- Suite -->
</testng-results>
