<?xml version="1.0" encoding="UTF-8"?>
<testng-results ignored="0" total="16" passed="16" failed="0" skipped="0">
  <reporter-output>
  </reporter-output>
  <suite started-at="2022-12-28T00:59:15 IST" name="Suite" finished-at="2022-12-28T01:02:35 IST" duration-ms="200410">
    <groups>
    </groups>
    <test started-at="2022-12-28T00:59:15 IST" name="Test" finished-at="2022-12-28T01:02:35 IST" duration-ms="200410">
      <class name="inetBanking_V2.TC_Deposit_007">
        <test-method is-config="true" signature="Setup()[pri:0, instance:inetBanking_V2.TC_Deposit_007@4b0d79fc]" started-at="2022-12-28T01:00:31 IST" name="Setup" finished-at="2022-12-28T01:00:31 IST" duration-ms="855" status="PASS">
          <reporter-output>
          </reporter-output>
        </test-method> <!-- Setup -->
        <test-method signature="TestDeposit()[pri:0, instance:inetBanking_V2.TC_Deposit_007@4b0d79fc]" started-at="2022-12-28T01:00:31 IST" name="TestDeposit" finished-at="2022-12-28T01:00:40 IST" duration-ms="9093" status="PASS">
          <reporter-output>
          </reporter-output>
        </test-method> <!-- TestDeposit -->
        <test-method is-config="true" signature="Teardown()[pri:0, instance:inetBanking_V2.TC_Deposit_007@4b0d79fc]" started-at="2022-12-28T01:00:40 IST" name="Teardown" finished-at="2022-12-28T01:00:44 IST" duration-ms="3198" status="PASS">
          <reporter-output>
          </reporter-output>
        </test-method> <!-- Teardown -->
      </class> <!-- inetBanking_V2.TC_Deposit_007 -->
      <class name="inetBanking_V2.TC_NewCutomer_002">
        <test-method is-config="true" signature="Setup()[pri:0, instance:inetBanking_V2.TC_NewCutomer_002@1b11171f]" started-at="2022-12-28T00:59:25 IST" name="Setup" finished-at="2022-12-28T00:59:26 IST" duration-ms="876" status="PASS">
          <reporter-output>
          </reporter-output>
        </test-method> <!-- Setup -->
        <test-method signature="TestNewCust()[pri:0, instance:inetBanking_V2.TC_NewCutomer_002@1b11171f]" started-at="2022-12-28T00:59:26 IST" name="TestNewCust" finished-at="2022-12-28T00:59:33 IST" duration-ms="7136" status="PASS">
          <reporter-output>
          </reporter-output>
        </test-method> <!-- TestNewCust -->
        <test-method is-config="true" signature="Teardown()[pri:0, instance:inetBanking_V2.TC_NewCutomer_002@1b11171f]" started-at="2022-12-28T00:59:33 IST" name="Teardown" finished-at="2022-12-28T00:59:36 IST" duration-ms="3191" status="PASS">
          <reporter-output>
          </reporter-output>
        </test-method> <!-- Teardown -->
      </class> <!-- inetBanking_V2.TC_NewCutomer_002 -->
      <class name="inetBanking_V2.TC_Withdrawal_008">
        <test-method is-config="true" signature="Setup()[pri:0, instance:inetBanking_V2.TC_Withdrawal_008@d9345cd]" started-at="2022-12-28T01:00:44 IST" name="Setup" finished-at="2022-12-28T01:00:45 IST" duration-ms="901" status="PASS">
          <reporter-output>
          </reporter-output>
        </test-method> <!-- Setup -->
        <test-method signature="TestWithdrawal()[pri:0, instance:inetBanking_V2.TC_Withdrawal_008@d9345cd]" started-at="2022-12-28T01:00:45 IST" name="TestWithdrawal" finished-at="2022-12-28T01:00:53 IST" duration-ms="8628" status="PASS">
          <reporter-output>
          </reporter-output>
        </test-method> <!-- TestWithdrawal -->
        <test-method is-config="true" signature="Teardown()[pri:0, instance:inetBanking_V2.TC_Withdrawal_008@d9345cd]" started-at="2022-12-28T01:00:53 IST" name="Teardown" finished-at="2022-12-28T01:00:56 IST" duration-ms="3204" status="PASS">
          <reporter-output>
          </reporter-output>
        </test-method> <!-- Teardown -->
      </class> <!-- inetBanking_V2.TC_Withdrawal_008 -->
      <class name="inetBanking_V2.TC_MiniStatement_012">
        <test-method is-config="true" signature="Setup()[pri:0, instance:inetBanking_V2.TC_MiniStatement_012@4efac082]" started-at="2022-12-28T01:01:35 IST" name="Setup" finished-at="2022-12-28T01:01:35 IST" duration-ms="852" status="PASS">
          <reporter-output>
          </reporter-output>
        </test-method> <!-- Setup -->
        <test-method signature="TestMiniStatement()[pri:0, instance:inetBanking_V2.TC_MiniStatement_012@4efac082]" started-at="2022-12-28T01:01:35 IST" name="TestMiniStatement" finished-at="2022-12-28T01:01:43 IST" duration-ms="7417" status="PASS">
          <reporter-output>
          </reporter-output>
        </test-method> <!-- TestMiniStatement -->
        <test-method is-config="true" signature="Teardown()[pri:0, instance:inetBanking_V2.TC_MiniStatement_012@4efac082]" started-at="2022-12-28T01:01:43 IST" name="Teardown" finished-at="2022-12-28T01:01:46 IST" duration-ms="3210" status="PASS">
          <reporter-output>
          </reporter-output>
        </test-method> <!-- Teardown -->
      </class> <!-- inetBanking_V2.TC_MiniStatement_012 -->
      <class name="inetBanking_V2.TC_ChangePassword_010">
        <test-method is-config="true" signature="Setup()[pri:0, instance:inetBanking_V2.TC_ChangePassword_010@29215f06]" started-at="2022-12-28T01:01:09 IST" name="Setup" finished-at="2022-12-28T01:01:10 IST" duration-ms="906" status="PASS">
          <reporter-output>
          </reporter-output>
        </test-method> <!-- Setup -->
        <test-method signature="TestChangePassword()[pri:0, instance:inetBanking_V2.TC_ChangePassword_010@29215f06]" started-at="2022-12-28T01:01:10 IST" name="TestChangePassword" finished-at="2022-12-28T01:01:17 IST" duration-ms="7302" status="PASS">
          <reporter-output>
          </reporter-output>
        </test-method> <!-- TestChangePassword -->
        <test-method is-config="true" signature="Teardown()[pri:0, instance:inetBanking_V2.TC_ChangePassword_010@29215f06]" started-at="2022-12-28T01:01:17 IST" name="Teardown" finished-at="2022-12-28T01:01:21 IST" duration-ms="3214" status="PASS">
          <reporter-output>
          </reporter-output>
        </test-method> <!-- Teardown -->
      </class> <!-- inetBanking_V2.TC_ChangePassword_010 -->
      <class name="inetBanking_V2.TC_FundTransfer_009">
        <test-method is-config="true" signature="Setup()[pri:0, instance:inetBanking_V2.TC_FundTransfer_009@2d710f1a]" started-at="2022-12-28T01:00:56 IST" name="Setup" finished-at="2022-12-28T01:00:57 IST" duration-ms="891" status="PASS">
          <reporter-output>
          </reporter-output>
        </test-method> <!-- Setup -->
        <test-method signature="TestFundTrf()[pri:0, instance:inetBanking_V2.TC_FundTransfer_009@2d710f1a]" started-at="2022-12-28T01:00:57 IST" name="TestFundTrf" finished-at="2022-12-28T01:01:06 IST" duration-ms="8639" status="PASS">
          <reporter-output>
          </reporter-output>
        </test-method> <!-- TestFundTrf -->
        <test-method is-config="true" signature="Teardown()[pri:0, instance:inetBanking_V2.TC_FundTransfer_009@2d710f1a]" started-at="2022-12-28T01:01:06 IST" name="Teardown" finished-at="2022-12-28T01:01:09 IST" duration-ms="3187" status="PASS">
          <reporter-output>
          </reporter-output>
        </test-method> <!-- Teardown -->
      </class> <!-- inetBanking_V2.TC_FundTransfer_009 -->
      <class name="inetBanking_V2.TC_DeleteAccount_014">
        <test-method is-config="true" signature="Setup()[pri:0, instance:inetBanking_V2.TC_DeleteAccount_014@48aca48b]" started-at="2022-12-28T01:01:58 IST" name="Setup" finished-at="2022-12-28T01:01:59 IST" duration-ms="835" status="PASS">
          <reporter-output>
          </reporter-output>
        </test-method> <!-- Setup -->
        <test-method signature="TestDeleteAccount()[pri:0, instance:inetBanking_V2.TC_DeleteAccount_014@48aca48b]" started-at="2022-12-28T01:01:59 IST" name="TestDeleteAccount" finished-at="2022-12-28T01:02:08 IST" duration-ms="8709" status="PASS">
          <reporter-output>
          </reporter-output>
        </test-method> <!-- TestDeleteAccount -->
        <test-method is-config="true" signature="Teardown()[pri:0, instance:inetBanking_V2.TC_DeleteAccount_014@48aca48b]" started-at="2022-12-28T01:02:08 IST" name="Teardown" finished-at="2022-12-28T01:02:11 IST" duration-ms="3188" status="PASS">
          <reporter-output>
          </reporter-output>
        </test-method> <!-- Teardown -->
      </class> <!-- inetBanking_V2.TC_DeleteAccount_014 -->
      <class name="inetBanking_V2.TC_LoginPageTest_001">
        <test-method is-config="true" signature="Setup()[pri:0, instance:inetBanking_V2.TC_LoginPageTest_001@7bd4937b]" started-at="2022-12-28T00:59:15 IST" name="Setup" finished-at="2022-12-28T00:59:17 IST" duration-ms="1810" status="PASS">
          <reporter-output>
          </reporter-output>
        </test-method> <!-- Setup -->
        <test-method signature="TestLoginPage()[pri:0, instance:inetBanking_V2.TC_LoginPageTest_001@7bd4937b]" started-at="2022-12-28T00:59:17 IST" name="TestLoginPage" finished-at="2022-12-28T00:59:22 IST" duration-ms="5044" status="PASS">
          <reporter-output>
          </reporter-output>
        </test-method> <!-- TestLoginPage -->
        <test-method is-config="true" signature="Teardown()[pri:0, instance:inetBanking_V2.TC_LoginPageTest_001@7bd4937b]" started-at="2022-12-28T00:59:22 IST" name="Teardown" finished-at="2022-12-28T00:59:25 IST" duration-ms="3198" status="PASS">
          <reporter-output>
          </reporter-output>
        </test-method> <!-- Teardown -->
      </class> <!-- inetBanking_V2.TC_LoginPageTest_001 -->
      <class name="inetBanking_V2.TC_LogOut_016">
        <test-method is-config="true" signature="Setup()[pri:0, instance:inetBanking_V2.TC_LogOut_016@b9b00e0]" started-at="2022-12-28T01:02:23 IST" name="Setup" finished-at="2022-12-28T01:02:24 IST" duration-ms="843" status="PASS">
          <reporter-output>
          </reporter-output>
        </test-method> <!-- Setup -->
        <test-method signature="TestLogOut()[pri:0, instance:inetBanking_V2.TC_LogOut_016@b9b00e0]" started-at="2022-12-28T01:02:24 IST" name="TestLogOut" finished-at="2022-12-28T01:02:32 IST" duration-ms="8465" status="PASS">
          <reporter-output>
          </reporter-output>
        </test-method> <!-- TestLogOut -->
        <test-method is-config="true" signature="Teardown()[pri:0, instance:inetBanking_V2.TC_LogOut_016@b9b00e0]" started-at="2022-12-28T01:02:32 IST" name="Teardown" finished-at="2022-12-28T01:02:35 IST" duration-ms="3224" status="PASS">
          <reporter-output>
          </reporter-output>
        </test-method> <!-- Teardown -->
      </class> <!-- inetBanking_V2.TC_LogOut_016 -->
      <class name="inetBanking_V2.TC_CutomizedStatement_013">
        <test-method is-config="true" signature="Setup()[pri:0, instance:inetBanking_V2.TC_CutomizedStatement_013@6bd61f98]" started-at="2022-12-28T01:01:46 IST" name="Setup" finished-at="2022-12-28T01:01:47 IST" duration-ms="859" status="PASS">
          <reporter-output>
          </reporter-output>
        </test-method> <!-- Setup -->
        <test-method signature="TeetCutomizedStatement()[pri:0, instance:inetBanking_V2.TC_CutomizedStatement_013@6bd61f98]" started-at="2022-12-28T01:01:47 IST" name="TeetCutomizedStatement" finished-at="2022-12-28T01:01:55 IST" duration-ms="8119" status="PASS">
          <reporter-output>
          </reporter-output>
        </test-method> <!-- TeetCutomizedStatement -->
        <test-method is-config="true" signature="Teardown()[pri:0, instance:inetBanking_V2.TC_CutomizedStatement_013@6bd61f98]" started-at="2022-12-28T01:01:55 IST" name="Teardown" finished-at="2022-12-28T01:01:58 IST" duration-ms="3219" status="PASS">
          <reporter-output>
          </reporter-output>
        </test-method> <!-- Teardown -->
      </class> <!-- inetBanking_V2.TC_CutomizedStatement_013 -->
      <class name="inetBanking_V2.TC_EditCustomer_004">
        <test-method is-config="true" signature="Setup()[pri:0, instance:inetBanking_V2.TC_EditCustomer_004@2dc54ad4]" started-at="2022-12-28T00:59:50 IST" name="Setup" finished-at="2022-12-28T00:59:51 IST" duration-ms="929" status="PASS">
          <reporter-output>
          </reporter-output>
        </test-method> <!-- Setup -->
        <test-method signature="TestEditCustomer()[pri:0, instance:inetBanking_V2.TC_EditCustomer_004@2dc54ad4]" started-at="2022-12-28T00:59:51 IST" name="TestEditCustomer" finished-at="2022-12-28T01:00:02 IST" duration-ms="11043" status="PASS">
          <reporter-output>
          </reporter-output>
        </test-method> <!-- TestEditCustomer -->
        <test-method is-config="true" signature="Teardown()[pri:0, instance:inetBanking_V2.TC_EditCustomer_004@2dc54ad4]" started-at="2022-12-28T01:00:02 IST" name="Teardown" finished-at="2022-12-28T01:00:05 IST" duration-ms="3211" status="PASS">
          <reporter-output>
          </reporter-output>
        </test-method> <!-- Teardown -->
      </class> <!-- inetBanking_V2.TC_EditCustomer_004 -->
      <class name="inetBanking_V2.TC_DeleteCustomer_015">
        <test-method is-config="true" signature="Setup()[pri:0, instance:inetBanking_V2.TC_DeleteCustomer_015@13fd2ccd]" started-at="2022-12-28T01:02:11 IST" name="Setup" finished-at="2022-12-28T01:02:12 IST" duration-ms="904" status="PASS">
          <reporter-output>
          </reporter-output>
        </test-method> <!-- Setup -->
        <test-method signature="TestDeleteCutomer()[pri:0, instance:inetBanking_V2.TC_DeleteCustomer_015@13fd2ccd]" started-at="2022-12-28T01:02:12 IST" name="TestDeleteCutomer" finished-at="2022-12-28T01:02:20 IST" duration-ms="7821" status="PASS">
          <reporter-output>
          </reporter-output>
        </test-method> <!-- TestDeleteCutomer -->
        <test-method is-config="true" signature="Teardown()[pri:0, instance:inetBanking_V2.TC_DeleteCustomer_015@13fd2ccd]" started-at="2022-12-28T01:02:20 IST" name="Teardown" finished-at="2022-12-28T01:02:23 IST" duration-ms="3197" status="PASS">
          <reporter-output>
          </reporter-output>
        </test-method> <!-- Teardown -->
      </class> <!-- inetBanking_V2.TC_DeleteCustomer_015 -->
      <class name="inetBanking_V2.TC_AddNewAccount_005">
        <test-method is-config="true" signature="Setup()[pri:0, instance:inetBanking_V2.TC_AddNewAccount_005@4659191b]" started-at="2022-12-28T01:00:05 IST" name="Setup" finished-at="2022-12-28T01:00:06 IST" duration-ms="866" status="PASS">
          <reporter-output>
          </reporter-output>
        </test-method> <!-- Setup -->
        <test-method signature="TestAddNewAccount()[pri:0, instance:inetBanking_V2.TC_AddNewAccount_005@4659191b]" started-at="2022-12-28T01:00:06 IST" name="TestAddNewAccount" finished-at="2022-12-28T01:00:15 IST" duration-ms="8759" status="PASS">
          <reporter-output>
          </reporter-output>
        </test-method> <!-- TestAddNewAccount -->
        <test-method is-config="true" signature="Teardown()[pri:0, instance:inetBanking_V2.TC_AddNewAccount_005@4659191b]" started-at="2022-12-28T01:00:15 IST" name="Teardown" finished-at="2022-12-28T01:00:18 IST" duration-ms="3208" status="PASS">
          <reporter-output>
          </reporter-output>
        </test-method> <!-- Teardown -->
      </class> <!-- inetBanking_V2.TC_AddNewAccount_005 -->
      <class name="inetBanking_V2.TC_EditAccount_006">
        <test-method is-config="true" signature="Setup()[pri:0, instance:inetBanking_V2.TC_EditAccount_006@55634720]" started-at="2022-12-28T01:00:18 IST" name="Setup" finished-at="2022-12-28T01:00:19 IST" duration-ms="852" status="PASS">
          <reporter-output>
          </reporter-output>
        </test-method> <!-- Setup -->
        <test-method signature="TestEditAccount()[pri:0, instance:inetBanking_V2.TC_EditAccount_006@55634720]" started-at="2022-12-28T01:00:19 IST" name="TestEditAccount" finished-at="2022-12-28T01:00:27 IST" duration-ms="8232" status="PASS">
          <reporter-output>
          </reporter-output>
        </test-method> <!-- TestEditAccount -->
        <test-method is-config="true" signature="Teardown()[pri:0, instance:inetBanking_V2.TC_EditAccount_006@55634720]" started-at="2022-12-28T01:00:27 IST" name="Teardown" finished-at="2022-12-28T01:00:31 IST" duration-ms="3227" status="PASS">
          <reporter-output>
          </reporter-output>
        </test-method> <!-- Teardown -->
      </class> <!-- inetBanking_V2.TC_EditAccount_006 -->
      <class name="inetBanking_V2.TC_BalanceEnquiry_011">
        <test-method is-config="true" signature="Setup()[pri:0, instance:inetBanking_V2.TC_BalanceEnquiry_011@59505b48]" started-at="2022-12-28T01:01:21 IST" name="Setup" finished-at="2022-12-28T01:01:22 IST" duration-ms="960" status="PASS">
          <reporter-output>
          </reporter-output>
        </test-method> <!-- Setup -->
        <test-method signature="TestBalanceEnquiry()[pri:0, instance:inetBanking_V2.TC_BalanceEnquiry_011@59505b48]" started-at="2022-12-28T01:01:22 IST" name="TestBalanceEnquiry" finished-at="2022-12-28T01:01:31 IST" duration-ms="9879" status="PASS">
          <reporter-output>
          </reporter-output>
        </test-method> <!-- TestBalanceEnquiry -->
        <test-method is-config="true" signature="Teardown()[pri:0, instance:inetBanking_V2.TC_BalanceEnquiry_011@59505b48]" started-at="2022-12-28T01:01:31 IST" name="Teardown" finished-at="2022-12-28T01:01:35 IST" duration-ms="3214" status="PASS">
          <reporter-output>
          </reporter-output>
        </test-method> <!-- Teardown -->
      </class> <!-- inetBanking_V2.TC_BalanceEnquiry_011 -->
      <class name="inetBanking_V2.TC_AddCutomerPage_003">
        <test-method is-config="true" signature="Setup()[pri:0, instance:inetBanking_V2.TC_AddCutomerPage_003@1151e434]" started-at="2022-12-28T00:59:36 IST" name="Setup" finished-at="2022-12-28T00:59:37 IST" duration-ms="859" status="PASS">
          <reporter-output>
          </reporter-output>
        </test-method> <!-- Setup -->
        <test-method signature="TestAddCustDetails()[pri:0, instance:inetBanking_V2.TC_AddCutomerPage_003@1151e434]" started-at="2022-12-28T00:59:37 IST" name="TestAddCustDetails" finished-at="2022-12-28T00:59:47 IST" duration-ms="9793" status="PASS">
          <reporter-output>
          </reporter-output>
        </test-method> <!-- TestAddCustDetails -->
        <test-method is-config="true" signature="Teardown()[pri:0, instance:inetBanking_V2.TC_AddCutomerPage_003@1151e434]" started-at="2022-12-28T00:59:47 IST" name="Teardown" finished-at="2022-12-28T00:59:50 IST" duration-ms="3195" status="PASS">
          <reporter-output>
          </reporter-output>
        </test-method> <!-- Teardown -->
      </class> <!-- inetBanking_V2.TC_AddCutomerPage_003 -->
    </test> <!-- Test -->
  </suite> <!-- Suite -->
</testng-results>
